{"level":"info","message":"Secret key oluşturuldu:","timestamp":"2025-01-02T09:01:59.463Z"}
{"level":"info","message":"Uygulama çalışıyor...","timestamp":"2025-01-02T09:01:59.468Z"}
{"level":"warn","message":"Bu bir uyarı mesajı.","timestamp":"2025-01-02T09:01:59.469Z"}
{"level":"error","message":"Bu bir hata mesajı.","timestamp":"2025-01-02T09:01:59.469Z"}
{"level":"info","message":"Server started on port 3000","timestamp":"2025-01-02T09:01:59.474Z"}
{"level":"info","message":"Secret key oluşturuldu:","timestamp":"2025-01-02T09:04:12.951Z"}
{"level":"info","message":"Uygulama çalışıyor...","timestamp":"2025-01-02T09:04:12.956Z"}
{"level":"warn","message":"Bu bir uyarı mesajı.","timestamp":"2025-01-02T09:04:12.956Z"}
{"level":"error","message":"Bu bir hata mesajı.","timestamp":"2025-01-02T09:04:12.957Z"}
{"level":"info","message":"Server started on port 3000","timestamp":"2025-01-02T09:04:12.960Z"}
{"level":"info","message":"Secret key oluşturuldu:","timestamp":"2025-01-02T09:06:50.320Z"}
{"level":"info","message":"Uygulama çalışıyor...","timestamp":"2025-01-02T09:06:50.325Z"}
{"level":"warn","message":"Bu bir uyarı mesajı.","timestamp":"2025-01-02T09:06:50.325Z"}
{"level":"error","message":"Bu bir hata mesajı.","timestamp":"2025-01-02T09:06:50.325Z"}
{"level":"info","message":"Server started on port 3000","timestamp":"2025-01-02T09:06:50.329Z"}
{"level":"info","message":"Secret key oluşturuldu:","timestamp":"2025-01-02T09:06:58.448Z"}
{"level":"info","message":"Uygulama çalışıyor...","timestamp":"2025-01-02T09:06:58.453Z"}
{"level":"warn","message":"Bu bir uyarı mesajı.","timestamp":"2025-01-02T09:06:58.453Z"}
{"level":"error","message":"Bu bir hata mesajı.","timestamp":"2025-01-02T09:06:58.454Z"}
{"level":"info","message":"Server started on port 3000","timestamp":"2025-01-02T09:06:58.457Z"}
{"level":"info","message":"Secret key oluşturuldu:","timestamp":"2025-01-02T09:07:14.985Z"}
{"level":"info","message":"Uygulama çalışıyor...","timestamp":"2025-01-02T09:07:14.990Z"}
{"level":"warn","message":"Bu bir uyarı mesajı.","timestamp":"2025-01-02T09:07:14.990Z"}
{"level":"error","message":"Bu bir hata mesajı.","timestamp":"2025-01-02T09:07:14.990Z"}
{"level":"info","message":"Server started on port 3000","timestamp":"2025-01-02T09:07:14.994Z"}
{"level":"info","message":"Secret key oluşturuldu:","timestamp":"2025-01-02T09:08:53.019Z"}
{"level":"info","message":"Uygulama çalışıyor...","timestamp":"2025-01-02T09:08:53.024Z"}
{"level":"warn","message":"Bu bir uyarı mesajı.","timestamp":"2025-01-02T09:08:53.024Z"}
{"level":"error","message":"Bu bir hata mesajı.","timestamp":"2025-01-02T09:08:53.024Z"}
{"level":"info","message":"Server started on port 3000","timestamp":"2025-01-02T09:08:53.028Z"}
{"level":"info","message":"Secret key oluşturuldu:","timestamp":"2025-01-02T09:12:07.286Z"}
{"level":"info","message":"Uygulama çalışıyor...","timestamp":"2025-01-02T09:12:07.291Z"}
{"level":"warn","message":"Bu bir uyarı mesajı.","timestamp":"2025-01-02T09:12:07.291Z"}
{"level":"error","message":"Bu bir hata mesajı.","timestamp":"2025-01-02T09:12:07.292Z"}
{"level":"info","message":"Server started on port 3000","timestamp":"2025-01-02T09:12:07.296Z"}
{"level":"info","message":"Secret key oluşturuldu:","timestamp":"2025-01-02T09:13:01.059Z"}
{"level":"info","message":"Uygulama çalışıyor...","timestamp":"2025-01-02T09:13:01.063Z"}
{"level":"warn","message":"Bu bir uyarı mesajı.","timestamp":"2025-01-02T09:13:01.064Z"}
{"level":"error","message":"Bu bir hata mesajı.","timestamp":"2025-01-02T09:13:01.064Z"}
{"level":"info","message":"Server started on port 3000","timestamp":"2025-01-02T09:13:01.068Z"}
{"level":"info","message":"Secret key oluşturuldu:","timestamp":"2025-01-02T09:14:16.732Z"}
{"level":"info","message":"Uygulama çalışıyor...","timestamp":"2025-01-02T09:14:16.736Z"}
{"level":"warn","message":"Bu bir uyarı mesajı.","timestamp":"2025-01-02T09:14:16.737Z"}
{"level":"error","message":"Bu bir hata mesajı.","timestamp":"2025-01-02T09:14:16.737Z"}
{"level":"info","message":"Secret key oluşturuldu:","timestamp":"2025-01-02T09:14:49.808Z"}
{"level":"info","message":"Uygulama çalışıyor...","timestamp":"2025-01-02T09:14:49.813Z"}
{"level":"warn","message":"Bu bir uyarı mesajı.","timestamp":"2025-01-02T09:14:49.813Z"}
{"level":"error","message":"Bu bir hata mesajı.","timestamp":"2025-01-02T09:14:49.813Z"}
{"level":"info","message":"Server started on port 3000","timestamp":"2025-01-02T09:14:49.817Z"}
{"level":"info","message":"Secret key oluşturuldu:","timestamp":"2025-01-02T09:14:53.727Z"}
{"level":"info","message":"Uygulama çalışıyor...","timestamp":"2025-01-02T09:14:53.731Z"}
{"level":"warn","message":"Bu bir uyarı mesajı.","timestamp":"2025-01-02T09:14:53.732Z"}
{"level":"error","message":"Bu bir hata mesajı.","timestamp":"2025-01-02T09:14:53.732Z"}
{"level":"info","message":"Server started on port 3000","timestamp":"2025-01-02T09:14:53.735Z"}
{"level":"info","message":"Secret key oluşturuldu:","timestamp":"2025-01-02T09:15:13.244Z"}
{"level":"info","message":"Uygulama çalışıyor...","timestamp":"2025-01-02T09:15:13.248Z"}
{"level":"warn","message":"Bu bir uyarı mesajı.","timestamp":"2025-01-02T09:15:13.249Z"}
{"level":"error","message":"Bu bir hata mesajı.","timestamp":"2025-01-02T09:15:13.249Z"}
{"level":"info","message":"Server started on port 3000","timestamp":"2025-01-02T09:15:13.253Z"}
{"level":"info","message":"Secret key oluşturuldu:","timestamp":"2025-01-02T09:15:35.025Z"}
{"level":"info","message":"Uygulama çalışıyor...","timestamp":"2025-01-02T09:15:35.030Z"}
{"level":"warn","message":"Bu bir uyarı mesajı.","timestamp":"2025-01-02T09:15:35.030Z"}
{"level":"error","message":"Bu bir hata mesajı.","timestamp":"2025-01-02T09:15:35.030Z"}
{"level":"info","message":"Server started on port 3000","timestamp":"2025-01-02T09:15:35.034Z"}
{"level":"info","message":"Secret key oluşturuldu:","timestamp":"2025-01-02T09:15:46.141Z"}
{"level":"info","message":"Uygulama çalışıyor...","timestamp":"2025-01-02T09:15:46.146Z"}
{"level":"warn","message":"Bu bir uyarı mesajı.","timestamp":"2025-01-02T09:15:46.146Z"}
{"level":"error","message":"Bu bir hata mesajı.","timestamp":"2025-01-02T09:15:46.146Z"}
{"level":"info","message":"Server started on port 3000","timestamp":"2025-01-02T09:15:46.150Z"}
{"level":"info","message":"Secret key oluşturuldu:","timestamp":"2025-01-02T09:16:03.380Z"}
{"level":"info","message":"Uygulama çalışıyor...","timestamp":"2025-01-02T09:16:03.385Z"}
{"level":"warn","message":"Bu bir uyarı mesajı.","timestamp":"2025-01-02T09:16:03.385Z"}
{"level":"error","message":"Bu bir hata mesajı.","timestamp":"2025-01-02T09:16:03.386Z"}
{"level":"info","message":"Server started on port 3000","timestamp":"2025-01-02T09:16:03.389Z"}
{"level":"info","message":"Secret key oluşturuldu:","timestamp":"2025-01-02T09:16:22.787Z"}
{"level":"info","message":"Uygulama çalışıyor...","timestamp":"2025-01-02T09:16:22.792Z"}
{"level":"warn","message":"Bu bir uyarı mesajı.","timestamp":"2025-01-02T09:16:22.792Z"}
{"level":"error","message":"Bu bir hata mesajı.","timestamp":"2025-01-02T09:16:22.792Z"}
{"level":"info","message":"Server started on port 3000","timestamp":"2025-01-02T09:16:22.796Z"}
{"level":"info","message":"Secret key oluşturuldu:","timestamp":"2025-01-02T09:19:02.523Z"}
{"level":"info","message":"Uygulama çalışıyor...","timestamp":"2025-01-02T09:19:02.528Z"}
{"level":"warn","message":"Bu bir uyarı mesajı.","timestamp":"2025-01-02T09:19:02.528Z"}
{"level":"error","message":"Bu bir hata mesajı.","timestamp":"2025-01-02T09:19:02.529Z"}
{"level":"info","message":"Server started on port 3000","timestamp":"2025-01-02T09:19:02.532Z"}
{"level":"info","message":"Secret key oluşturuldu:","timestamp":"2025-01-02T09:19:09.947Z"}
{"level":"info","message":"Uygulama çalışıyor...","timestamp":"2025-01-02T09:19:09.952Z"}
{"level":"warn","message":"Bu bir uyarı mesajı.","timestamp":"2025-01-02T09:19:09.952Z"}
{"level":"error","message":"Bu bir hata mesajı.","timestamp":"2025-01-02T09:19:09.952Z"}
{"level":"info","message":"Server started on port 3000","timestamp":"2025-01-02T09:19:09.956Z"}
{"level":"error","message":"Fehler aufgetreten: ENOENT: no such file or directory, open 'C:\\Users\\nykoy\\Desktop\\restaurantDashboard\\backend\\views\\layout.pug'\n    at C:\\Users\\nykoy\\Desktop\\restaurantDashboard\\backend\\views\\index.pug line 1","timestamp":"2025-01-02T09:19:14.155Z"}
{"level":"info","message":"Secret key oluşturuldu:","timestamp":"2025-01-02T09:19:51.643Z"}
{"level":"info","message":"Uygulama çalışıyor...","timestamp":"2025-01-02T09:19:51.648Z"}
{"level":"warn","message":"Bu bir uyarı mesajı.","timestamp":"2025-01-02T09:19:51.649Z"}
{"level":"error","message":"Bu bir hata mesajı.","timestamp":"2025-01-02T09:19:51.649Z"}
{"level":"info","message":"Server started on port 3000","timestamp":"2025-01-02T09:19:51.653Z"}
{"level":"info","message":"Secret key oluşturuldu:","timestamp":"2025-01-02T09:19:54.399Z"}
{"level":"info","message":"Uygulama çalışıyor...","timestamp":"2025-01-02T09:19:54.404Z"}
{"level":"warn","message":"Bu bir uyarı mesajı.","timestamp":"2025-01-02T09:19:54.404Z"}
{"level":"error","message":"Bu bir hata mesajı.","timestamp":"2025-01-02T09:19:54.405Z"}
{"level":"info","message":"Server started on port 3000","timestamp":"2025-01-02T09:19:54.408Z"}
{"level":"info","message":"Secret key oluşturuldu:","timestamp":"2025-01-02T09:20:02.539Z"}
{"level":"info","message":"Uygulama çalışıyor...","timestamp":"2025-01-02T09:20:02.544Z"}
{"level":"warn","message":"Bu bir uyarı mesajı.","timestamp":"2025-01-02T09:20:02.545Z"}
{"level":"error","message":"Bu bir hata mesajı.","timestamp":"2025-01-02T09:20:02.545Z"}
{"level":"info","message":"Server started on port 3000","timestamp":"2025-01-02T09:20:02.549Z"}
{"level":"error","message":"Fehler aufgetreten: ENOENT: no such file or directory, open 'C:\\Users\\nykoy\\Desktop\\restaurantDashboard\\backend\\views\\layout.pug'\n    at C:\\Users\\nykoy\\Desktop\\restaurantDashboard\\backend\\views\\index.pug line 1","timestamp":"2025-01-02T09:20:05.019Z"}
{"level":"error","message":"Fehler aufgetreten: ENOENT: no such file or directory, open 'C:\\Users\\nykoy\\Desktop\\restaurantDashboard\\backend\\views\\layout.pug'\n    at C:\\Users\\nykoy\\Desktop\\restaurantDashboard\\backend\\views\\index.pug line 1","timestamp":"2025-01-02T09:20:06.571Z"}
{"level":"info","message":"Secret key oluşturuldu:","timestamp":"2025-01-02T09:21:04.959Z"}
{"level":"info","message":"Uygulama çalışıyor...","timestamp":"2025-01-02T09:21:04.963Z"}
{"level":"warn","message":"Bu bir uyarı mesajı.","timestamp":"2025-01-02T09:21:04.964Z"}
{"level":"error","message":"Bu bir hata mesajı.","timestamp":"2025-01-02T09:21:04.964Z"}
{"level":"info","message":"Server started on port 3000","timestamp":"2025-01-02T09:21:04.968Z"}
{"level":"info","message":"Secret key oluşturuldu:","timestamp":"2025-01-02T09:23:18.849Z"}
{"level":"info","message":"Uygulama çalışıyor...","timestamp":"2025-01-02T09:23:18.854Z"}
{"level":"warn","message":"Bu bir uyarı mesajı.","timestamp":"2025-01-02T09:23:18.855Z"}
{"level":"error","message":"Bu bir hata mesajı.","timestamp":"2025-01-02T09:23:18.855Z"}
{"level":"info","message":"Server started on port 3000","timestamp":"2025-01-02T09:23:18.860Z"}
{"level":"info","message":"Secret key oluşturuldu:","timestamp":"2025-01-02T09:23:26.239Z"}
{"level":"info","message":"Uygulama çalışıyor...","timestamp":"2025-01-02T09:23:26.245Z"}
{"level":"warn","message":"Bu bir uyarı mesajı.","timestamp":"2025-01-02T09:23:26.245Z"}
{"level":"error","message":"Bu bir hata mesajı.","timestamp":"2025-01-02T09:23:26.246Z"}
{"level":"info","message":"Server started on port 3000","timestamp":"2025-01-02T09:23:26.249Z"}
{"level":"error","message":"Fehler aufgetreten: ENOENT: no such file or directory, open 'C:\\Users\\nykoy\\Desktop\\restaurantDashboard\\backend\\views\\layout.pug'\n    at C:\\Users\\nykoy\\Desktop\\restaurantDashboard\\backend\\views\\index.pug line 1","timestamp":"2025-01-02T09:23:28.566Z"}
{"level":"info","message":"Secret key oluşturuldu:","timestamp":"2025-01-02T09:23:51.016Z"}
{"level":"info","message":"Uygulama çalışıyor...","timestamp":"2025-01-02T09:23:51.021Z"}
{"level":"warn","message":"Bu bir uyarı mesajı.","timestamp":"2025-01-02T09:23:51.021Z"}
{"level":"error","message":"Bu bir hata mesajı.","timestamp":"2025-01-02T09:23:51.022Z"}
{"level":"info","message":"Server started on port 3000","timestamp":"2025-01-02T09:23:51.026Z"}
{"level":"info","message":"Secret key oluşturuldu:","timestamp":"2025-01-02T10:53:26.467Z"}
{"level":"info","message":"Uygulama çalışıyor...","timestamp":"2025-01-02T10:53:26.478Z"}
{"level":"warn","message":"Bu bir uyarı mesajı.","timestamp":"2025-01-02T10:53:26.478Z"}
{"level":"error","message":"Bu bir hata mesajı.","timestamp":"2025-01-02T10:53:26.479Z"}
{"level":"info","message":"Server started on port 3000","timestamp":"2025-01-02T10:53:26.484Z"}
{"level":"info","message":"Secret key oluşturuldu:","timestamp":"2025-01-02T10:53:41.653Z"}
{"level":"info","message":"Uygulama çalışıyor...","timestamp":"2025-01-02T10:53:41.659Z"}
{"level":"warn","message":"Bu bir uyarı mesajı.","timestamp":"2025-01-02T10:53:41.659Z"}
{"level":"error","message":"Bu bir hata mesajı.","timestamp":"2025-01-02T10:53:41.660Z"}
{"level":"info","message":"Server started on port 3000","timestamp":"2025-01-02T10:53:41.674Z"}
{"level":"info","message":"Secret key oluşturuldu:","timestamp":"2025-01-02T10:54:43.562Z"}
{"level":"info","message":"Uygulama çalışıyor...","timestamp":"2025-01-02T10:54:43.566Z"}
{"level":"warn","message":"Bu bir uyarı mesajı.","timestamp":"2025-01-02T10:54:43.567Z"}
{"level":"error","message":"Bu bir hata mesajı.","timestamp":"2025-01-02T10:54:43.567Z"}
{"level":"info","message":"Server started on port 3000","timestamp":"2025-01-02T10:54:43.571Z"}
{"level":"info","message":"Secret key oluşturuldu:","timestamp":"2025-01-02T10:56:01.343Z"}
{"level":"info","message":"Uygulama çalışıyor...","timestamp":"2025-01-02T10:56:01.348Z"}
{"level":"warn","message":"Bu bir uyarı mesajı.","timestamp":"2025-01-02T10:56:01.349Z"}
{"level":"error","message":"Bu bir hata mesajı.","timestamp":"2025-01-02T10:56:01.349Z"}
{"level":"info","message":"Server started on port 3000","timestamp":"2025-01-02T10:56:01.353Z"}
{"level":"info","message":"Secret key oluşturuldu:","timestamp":"2025-01-02T10:56:14.410Z"}
{"level":"info","message":"Uygulama çalışıyor...","timestamp":"2025-01-02T10:56:14.414Z"}
{"level":"warn","message":"Bu bir uyarı mesajı.","timestamp":"2025-01-02T10:56:14.415Z"}
{"level":"error","message":"Bu bir hata mesajı.","timestamp":"2025-01-02T10:56:14.415Z"}
{"level":"info","message":"Server started on port 3000","timestamp":"2025-01-02T10:56:14.418Z"}
{"level":"info","message":"Secret key oluşturuldu:","timestamp":"2025-01-02T11:03:34.619Z"}
{"level":"info","message":"Uygulama çalışıyor...","timestamp":"2025-01-02T11:03:34.624Z"}
{"level":"warn","message":"Bu bir uyarı mesajı.","timestamp":"2025-01-02T11:03:34.625Z"}
{"level":"error","message":"Bu bir hata mesajı.","timestamp":"2025-01-02T11:03:34.625Z"}
{"level":"info","message":"Server started on port 3000","timestamp":"2025-01-02T11:03:34.629Z"}
{"level":"info","message":"Secret key oluşturuldu:","timestamp":"2025-01-02T11:34:39.932Z"}
{"level":"info","message":"Uygulama çalışıyor...","timestamp":"2025-01-02T11:34:39.936Z"}
{"level":"warn","message":"Bu bir uyarı mesajı.","timestamp":"2025-01-02T11:34:39.937Z"}
{"level":"error","message":"Bu bir hata mesajı.","timestamp":"2025-01-02T11:34:39.937Z"}
{"level":"info","message":"Server started on port 3000","timestamp":"2025-01-02T11:34:39.941Z"}
{"level":"info","message":"Secret key oluşturuldu:","timestamp":"2025-01-02T11:36:43.948Z"}
{"level":"info","message":"Uygulama çalışıyor...","timestamp":"2025-01-02T11:36:43.954Z"}
{"level":"warn","message":"Bu bir uyarı mesajı.","timestamp":"2025-01-02T11:36:43.954Z"}
{"level":"error","message":"Bu bir hata mesajı.","timestamp":"2025-01-02T11:36:43.955Z"}
{"level":"info","message":"Server started on port 3000","timestamp":"2025-01-02T11:36:43.958Z"}
{"level":"info","message":"Secret key oluşturuldu:","timestamp":"2025-01-02T11:37:05.619Z"}
{"level":"info","message":"Uygulama çalışıyor...","timestamp":"2025-01-02T11:37:05.624Z"}
{"level":"warn","message":"Bu bir uyarı mesajı.","timestamp":"2025-01-02T11:37:05.624Z"}
{"level":"error","message":"Bu bir hata mesajı.","timestamp":"2025-01-02T11:37:05.625Z"}
{"level":"info","message":"Server started on port 3000","timestamp":"2025-01-02T11:37:05.628Z"}
{"level":"info","message":"Secret key oluşturuldu:","timestamp":"2025-01-02T11:38:54.158Z"}
{"level":"info","message":"Uygulama çalışıyor...","timestamp":"2025-01-02T11:38:54.163Z"}
{"level":"warn","message":"Bu bir uyarı mesajı.","timestamp":"2025-01-02T11:38:54.164Z"}
{"level":"error","message":"Bu bir hata mesajı.","timestamp":"2025-01-02T11:38:54.164Z"}
{"level":"info","message":"Server started on port 3000","timestamp":"2025-01-02T11:38:54.167Z"}
{"level":"info","message":"Secret key oluşturuldu:","timestamp":"2025-01-02T11:39:12.907Z"}
{"level":"info","message":"Uygulama çalışıyor...","timestamp":"2025-01-02T11:39:12.912Z"}
{"level":"warn","message":"Bu bir uyarı mesajı.","timestamp":"2025-01-02T11:39:12.913Z"}
{"level":"error","message":"Bu bir hata mesajı.","timestamp":"2025-01-02T11:39:12.913Z"}
{"level":"info","message":"Server started on port 3000","timestamp":"2025-01-02T11:39:12.916Z"}
{"level":"info","message":"Secret key oluşturuldu:","timestamp":"2025-01-02T11:39:40.975Z"}
{"level":"info","message":"Uygulama çalışıyor...","timestamp":"2025-01-02T11:39:40.980Z"}
{"level":"warn","message":"Bu bir uyarı mesajı.","timestamp":"2025-01-02T11:39:40.981Z"}
{"level":"error","message":"Bu bir hata mesajı.","timestamp":"2025-01-02T11:39:40.981Z"}
{"level":"info","message":"Server started on port 3000","timestamp":"2025-01-02T11:39:40.985Z"}
{"level":"info","message":"Secret key oluşturuldu:","timestamp":"2025-01-02T11:39:57.015Z"}
{"level":"info","message":"Uygulama çalışıyor...","timestamp":"2025-01-02T11:39:57.020Z"}
{"level":"warn","message":"Bu bir uyarı mesajı.","timestamp":"2025-01-02T11:39:57.020Z"}
{"level":"error","message":"Bu bir hata mesajı.","timestamp":"2025-01-02T11:39:57.021Z"}
{"level":"info","message":"Server started on port 3000","timestamp":"2025-01-02T11:39:57.024Z"}
{"level":"info","message":"Secret key oluşturuldu:","timestamp":"2025-01-02T11:40:13.537Z"}
{"level":"info","message":"Uygulama çalışıyor...","timestamp":"2025-01-02T11:40:13.542Z"}
{"level":"warn","message":"Bu bir uyarı mesajı.","timestamp":"2025-01-02T11:40:13.542Z"}
{"level":"error","message":"Bu bir hata mesajı.","timestamp":"2025-01-02T11:40:13.543Z"}
{"level":"info","message":"Server started on port 3000","timestamp":"2025-01-02T11:40:13.546Z"}
{"level":"info","message":"Secret key oluşturuldu:","timestamp":"2025-01-02T11:43:01.105Z"}
{"level":"info","message":"Uygulama çalışıyor...","timestamp":"2025-01-02T11:43:01.111Z"}
{"level":"warn","message":"Bu bir uyarı mesajı.","timestamp":"2025-01-02T11:43:01.112Z"}
{"level":"error","message":"Bu bir hata mesajı.","timestamp":"2025-01-02T11:43:01.112Z"}
{"level":"info","message":"Server started on port 3000","timestamp":"2025-01-02T11:43:01.116Z"}
{"level":"info","message":"Secret key oluşturuldu:","timestamp":"2025-01-02T11:43:17.786Z"}
{"level":"info","message":"Uygulama çalışıyor...","timestamp":"2025-01-02T11:43:17.791Z"}
{"level":"warn","message":"Bu bir uyarı mesajı.","timestamp":"2025-01-02T11:43:17.791Z"}
{"level":"error","message":"Bu bir hata mesajı.","timestamp":"2025-01-02T11:43:17.791Z"}
{"level":"info","message":"Server started on port 3000","timestamp":"2025-01-02T11:43:17.795Z"}
{"level":"info","message":"Secret key oluşturuldu:","timestamp":"2025-01-02T11:43:36.168Z"}
{"level":"info","message":"Uygulama çalışıyor...","timestamp":"2025-01-02T11:43:36.173Z"}
{"level":"warn","message":"Bu bir uyarı mesajı.","timestamp":"2025-01-02T11:43:36.173Z"}
{"level":"error","message":"Bu bir hata mesajı.","timestamp":"2025-01-02T11:43:36.174Z"}
{"level":"info","message":"Server started on port 3000","timestamp":"2025-01-02T11:43:36.177Z"}
{"level":"info","message":"Secret key oluşturuldu:","timestamp":"2025-01-02T11:43:47.107Z"}
{"level":"info","message":"Uygulama çalışıyor...","timestamp":"2025-01-02T11:43:47.112Z"}
{"level":"warn","message":"Bu bir uyarı mesajı.","timestamp":"2025-01-02T11:43:47.112Z"}
{"level":"error","message":"Bu bir hata mesajı.","timestamp":"2025-01-02T11:43:47.113Z"}
{"level":"info","message":"Server started on port 3000","timestamp":"2025-01-02T11:43:47.116Z"}
{"level":"info","message":"Secret key oluşturuldu:","timestamp":"2025-01-02T11:44:14.931Z"}
{"level":"info","message":"Uygulama çalışıyor...","timestamp":"2025-01-02T11:44:14.935Z"}
{"level":"warn","message":"Bu bir uyarı mesajı.","timestamp":"2025-01-02T11:44:14.935Z"}
{"level":"error","message":"Bu bir hata mesajı.","timestamp":"2025-01-02T11:44:14.935Z"}
{"level":"info","message":"Server started on port 3000","timestamp":"2025-01-02T11:44:14.939Z"}
{"level":"info","message":"Secret key oluşturuldu:","timestamp":"2025-01-02T11:45:20.039Z"}
{"level":"info","message":"Uygulama çalışıyor...","timestamp":"2025-01-02T11:45:20.045Z"}
{"level":"warn","message":"Bu bir uyarı mesajı.","timestamp":"2025-01-02T11:45:20.045Z"}
{"level":"error","message":"Bu bir hata mesajı.","timestamp":"2025-01-02T11:45:20.046Z"}
{"level":"info","message":"Server started on port 3000","timestamp":"2025-01-02T11:45:20.049Z"}
{"level":"info","message":"Secret key oluşturuldu:","timestamp":"2025-01-02T11:50:26.176Z"}
{"level":"info","message":"Uygulama çalışıyor...","timestamp":"2025-01-02T11:50:26.181Z"}
{"level":"warn","message":"Bu bir uyarı mesajı.","timestamp":"2025-01-02T11:50:26.181Z"}
{"level":"error","message":"Bu bir hata mesajı.","timestamp":"2025-01-02T11:50:26.181Z"}
{"level":"info","message":"Server started on port 3000","timestamp":"2025-01-02T11:50:26.185Z"}
{"level":"info","message":"Secret key oluşturuldu:","timestamp":"2025-01-02T11:50:28.722Z"}
{"level":"info","message":"Uygulama çalışıyor...","timestamp":"2025-01-02T11:50:28.728Z"}
{"level":"warn","message":"Bu bir uyarı mesajı.","timestamp":"2025-01-02T11:50:28.728Z"}
{"level":"error","message":"Bu bir hata mesajı.","timestamp":"2025-01-02T11:50:28.728Z"}
{"level":"info","message":"Server started on port 3000","timestamp":"2025-01-02T11:50:28.732Z"}
{"level":"info","message":"Secret key oluşturuldu:","timestamp":"2025-01-02T11:50:38.718Z"}
{"level":"info","message":"Uygulama çalışıyor...","timestamp":"2025-01-02T11:50:38.723Z"}
{"level":"warn","message":"Bu bir uyarı mesajı.","timestamp":"2025-01-02T11:50:38.724Z"}
{"level":"error","message":"Bu bir hata mesajı.","timestamp":"2025-01-02T11:50:38.724Z"}
{"level":"info","message":"Server started on port 3000","timestamp":"2025-01-02T11:50:38.730Z"}
{"level":"info","message":"Secret key oluşturuldu:","timestamp":"2025-01-02T11:50:54.086Z"}
{"level":"info","message":"Uygulama çalışıyor...","timestamp":"2025-01-02T11:50:54.091Z"}
{"level":"warn","message":"Bu bir uyarı mesajı.","timestamp":"2025-01-02T11:50:54.091Z"}
{"level":"error","message":"Bu bir hata mesajı.","timestamp":"2025-01-02T11:50:54.092Z"}
{"level":"info","message":"Server started on port 3000","timestamp":"2025-01-02T11:50:54.095Z"}
{"level":"info","message":"Secret key oluşturuldu:","timestamp":"2025-01-02T11:51:01.786Z"}
{"level":"info","message":"Uygulama çalışıyor...","timestamp":"2025-01-02T11:51:01.791Z"}
{"level":"warn","message":"Bu bir uyarı mesajı.","timestamp":"2025-01-02T11:51:01.792Z"}
{"level":"error","message":"Bu bir hata mesajı.","timestamp":"2025-01-02T11:51:01.792Z"}
{"level":"info","message":"Server started on port 3000","timestamp":"2025-01-02T11:51:01.796Z"}
{"level":"error","message":"Fehler aufgetreten: Failed to lookup view \"customers\" in views directory \"C:\\Users\\nykoy\\Desktop\\restaurantDashboard\\backend\\views\"","timestamp":"2025-01-02T11:51:03.554Z"}
{"level":"info","message":"Secret key oluşturuldu:","timestamp":"2025-01-02T11:51:12.014Z"}
{"level":"info","message":"Uygulama çalışıyor...","timestamp":"2025-01-02T11:51:12.019Z"}
{"level":"warn","message":"Bu bir uyarı mesajı.","timestamp":"2025-01-02T11:51:12.020Z"}
{"level":"error","message":"Bu bir hata mesajı.","timestamp":"2025-01-02T11:51:12.020Z"}
{"level":"info","message":"Server started on port 3000","timestamp":"2025-01-02T11:51:12.024Z"}
{"level":"error","message":"Fehler aufgetreten: Failed to lookup view \"customers\" in views directory \"C:\\Users\\nykoy\\Desktop\\restaurantDashboard\\backend\\views\"","timestamp":"2025-01-02T11:51:13.766Z"}
{"level":"info","message":"Secret key oluşturuldu:","timestamp":"2025-01-02T11:51:24.703Z"}
{"level":"info","message":"Uygulama çalışıyor...","timestamp":"2025-01-02T11:51:24.708Z"}
{"level":"warn","message":"Bu bir uyarı mesajı.","timestamp":"2025-01-02T11:51:24.709Z"}
{"level":"error","message":"Bu bir hata mesajı.","timestamp":"2025-01-02T11:51:24.709Z"}
{"level":"info","message":"Server started on port 3000","timestamp":"2025-01-02T11:51:24.714Z"}
{"level":"info","message":"Secret key oluşturuldu:","timestamp":"2025-01-02T11:53:00.554Z"}
{"level":"info","message":"Uygulama çalışıyor...","timestamp":"2025-01-02T11:53:00.559Z"}
{"level":"warn","message":"Bu bir uyarı mesajı.","timestamp":"2025-01-02T11:53:00.559Z"}
{"level":"error","message":"Bu bir hata mesajı.","timestamp":"2025-01-02T11:53:00.559Z"}
{"level":"info","message":"Server started on port 3000","timestamp":"2025-01-02T11:53:00.563Z"}
{"level":"info","message":"Secret key oluşturuldu:","timestamp":"2025-01-02T11:53:21.492Z"}
{"level":"info","message":"Uygulama çalışıyor...","timestamp":"2025-01-02T11:53:21.497Z"}
{"level":"warn","message":"Bu bir uyarı mesajı.","timestamp":"2025-01-02T11:53:21.497Z"}
{"level":"error","message":"Bu bir hata mesajı.","timestamp":"2025-01-02T11:53:21.498Z"}
{"level":"info","message":"Server started on port 3000","timestamp":"2025-01-02T11:53:21.502Z"}
{"level":"info","message":"Secret key oluşturuldu:","timestamp":"2025-01-02T11:53:36.701Z"}
{"level":"info","message":"Uygulama çalışıyor...","timestamp":"2025-01-02T11:53:36.705Z"}
{"level":"warn","message":"Bu bir uyarı mesajı.","timestamp":"2025-01-02T11:53:36.706Z"}
{"level":"error","message":"Bu bir hata mesajı.","timestamp":"2025-01-02T11:53:36.706Z"}
{"level":"info","message":"Server started on port 3000","timestamp":"2025-01-02T11:53:36.709Z"}
{"level":"info","message":"Secret key oluşturuldu:","timestamp":"2025-01-02T11:54:42.757Z"}
{"level":"info","message":"Uygulama çalışıyor...","timestamp":"2025-01-02T11:54:42.763Z"}
{"level":"warn","message":"Bu bir uyarı mesajı.","timestamp":"2025-01-02T11:54:42.763Z"}
{"level":"error","message":"Bu bir hata mesajı.","timestamp":"2025-01-02T11:54:42.764Z"}
{"level":"info","message":"Server started on port 3000","timestamp":"2025-01-02T11:54:42.768Z"}
{"level":"info","message":"Secret key oluşturuldu:","timestamp":"2025-01-02T11:54:53.070Z"}
{"level":"info","message":"Uygulama çalışıyor...","timestamp":"2025-01-02T11:54:53.075Z"}
{"level":"warn","message":"Bu bir uyarı mesajı.","timestamp":"2025-01-02T11:54:53.075Z"}
{"level":"error","message":"Bu bir hata mesajı.","timestamp":"2025-01-02T11:54:53.075Z"}
{"level":"info","message":"Server started on port 3000","timestamp":"2025-01-02T11:54:53.079Z"}
{"level":"info","message":"Secret key oluşturuldu:","timestamp":"2025-01-02T11:54:59.104Z"}
{"level":"info","message":"Uygulama çalışıyor...","timestamp":"2025-01-02T11:54:59.109Z"}
{"level":"warn","message":"Bu bir uyarı mesajı.","timestamp":"2025-01-02T11:54:59.110Z"}
{"level":"error","message":"Bu bir hata mesajı.","timestamp":"2025-01-02T11:54:59.110Z"}
{"level":"info","message":"Server started on port 3000","timestamp":"2025-01-02T11:54:59.114Z"}
{"level":"info","message":"Secret key oluşturuldu:","timestamp":"2025-01-02T11:55:15.281Z"}
{"level":"info","message":"Uygulama çalışıyor...","timestamp":"2025-01-02T11:55:15.287Z"}
{"level":"warn","message":"Bu bir uyarı mesajı.","timestamp":"2025-01-02T11:55:15.287Z"}
{"level":"error","message":"Bu bir hata mesajı.","timestamp":"2025-01-02T11:55:15.288Z"}
{"level":"info","message":"Server started on port 3000","timestamp":"2025-01-02T11:55:15.292Z"}
{"level":"info","message":"Secret key oluşturuldu:","timestamp":"2025-01-02T11:55:41.853Z"}
{"level":"info","message":"Uygulama çalışıyor...","timestamp":"2025-01-02T11:55:41.859Z"}
{"level":"warn","message":"Bu bir uyarı mesajı.","timestamp":"2025-01-02T11:55:41.860Z"}
{"level":"error","message":"Bu bir hata mesajı.","timestamp":"2025-01-02T11:55:41.860Z"}
{"level":"info","message":"Server started on port 3000","timestamp":"2025-01-02T11:55:41.864Z"}
{"level":"info","message":"Secret key oluşturuldu:","timestamp":"2025-01-02T11:55:53.645Z"}
{"level":"info","message":"Uygulama çalışıyor...","timestamp":"2025-01-02T11:55:53.651Z"}
{"level":"warn","message":"Bu bir uyarı mesajı.","timestamp":"2025-01-02T11:55:53.653Z"}
{"level":"error","message":"Bu bir hata mesajı.","timestamp":"2025-01-02T11:55:53.654Z"}
{"level":"info","message":"Server started on port 3000","timestamp":"2025-01-02T11:55:53.660Z"}
{"level":"info","message":"Secret key oluşturuldu:","timestamp":"2025-01-02T11:56:53.718Z"}
{"level":"info","message":"Uygulama çalışıyor...","timestamp":"2025-01-02T11:56:53.723Z"}
{"level":"warn","message":"Bu bir uyarı mesajı.","timestamp":"2025-01-02T11:56:53.724Z"}
{"level":"error","message":"Bu bir hata mesajı.","timestamp":"2025-01-02T11:56:53.724Z"}
{"level":"info","message":"Server started on port 3000","timestamp":"2025-01-02T11:56:53.728Z"}
{"level":"info","message":"Secret key oluşturuldu:","timestamp":"2025-01-02T11:56:56.863Z"}
{"level":"info","message":"Uygulama çalışıyor...","timestamp":"2025-01-02T11:56:56.868Z"}
{"level":"warn","message":"Bu bir uyarı mesajı.","timestamp":"2025-01-02T11:56:56.869Z"}
{"level":"error","message":"Bu bir hata mesajı.","timestamp":"2025-01-02T11:56:56.869Z"}
{"level":"info","message":"Server started on port 3000","timestamp":"2025-01-02T11:56:56.873Z"}
{"level":"info","message":"Secret key oluşturuldu:","timestamp":"2025-01-02T11:57:11.906Z"}
{"level":"info","message":"Uygulama çalışıyor...","timestamp":"2025-01-02T11:57:11.912Z"}
{"level":"warn","message":"Bu bir uyarı mesajı.","timestamp":"2025-01-02T11:57:11.913Z"}
{"level":"error","message":"Bu bir hata mesajı.","timestamp":"2025-01-02T11:57:11.913Z"}
{"level":"info","message":"Server started on port 3000","timestamp":"2025-01-02T11:57:11.918Z"}
{"level":"info","message":"Secret key oluşturuldu:","timestamp":"2025-01-02T11:57:24.786Z"}
{"level":"info","message":"Uygulama çalışıyor...","timestamp":"2025-01-02T11:57:24.791Z"}
{"level":"warn","message":"Bu bir uyarı mesajı.","timestamp":"2025-01-02T11:57:24.792Z"}
{"level":"error","message":"Bu bir hata mesajı.","timestamp":"2025-01-02T11:57:24.792Z"}
{"level":"info","message":"Server started on port 3000","timestamp":"2025-01-02T11:57:24.796Z"}
{"level":"info","message":"Secret key oluşturuldu:","timestamp":"2025-01-02T11:57:35.996Z"}
{"level":"info","message":"Uygulama çalışıyor...","timestamp":"2025-01-02T11:57:36.001Z"}
{"level":"warn","message":"Bu bir uyarı mesajı.","timestamp":"2025-01-02T11:57:36.002Z"}
{"level":"error","message":"Bu bir hata mesajı.","timestamp":"2025-01-02T11:57:36.002Z"}
{"level":"info","message":"Server started on port 3000","timestamp":"2025-01-02T11:57:36.007Z"}
{"level":"info","message":"Secret key oluşturuldu:","timestamp":"2025-01-02T11:57:38.594Z"}
{"level":"info","message":"Uygulama çalışıyor...","timestamp":"2025-01-02T11:57:38.599Z"}
{"level":"warn","message":"Bu bir uyarı mesajı.","timestamp":"2025-01-02T11:57:38.599Z"}
{"level":"error","message":"Bu bir hata mesajı.","timestamp":"2025-01-02T11:57:38.600Z"}
{"level":"info","message":"Server started on port 3000","timestamp":"2025-01-02T11:57:38.603Z"}
{"level":"info","message":"Secret key oluşturuldu:","timestamp":"2025-01-02T11:58:30.494Z"}
{"level":"info","message":"Uygulama çalışıyor...","timestamp":"2025-01-02T11:58:30.500Z"}
{"level":"warn","message":"Bu bir uyarı mesajı.","timestamp":"2025-01-02T11:58:30.500Z"}
{"level":"error","message":"Bu bir hata mesajı.","timestamp":"2025-01-02T11:58:30.500Z"}
{"level":"info","message":"Server started on port 3000","timestamp":"2025-01-02T11:58:30.505Z"}
{"level":"info","message":"Secret key oluşturuldu:","timestamp":"2025-01-02T11:58:34.249Z"}
{"level":"info","message":"Uygulama çalışıyor...","timestamp":"2025-01-02T11:58:34.255Z"}
{"level":"warn","message":"Bu bir uyarı mesajı.","timestamp":"2025-01-02T11:58:34.256Z"}
{"level":"error","message":"Bu bir hata mesajı.","timestamp":"2025-01-02T11:58:34.256Z"}
{"level":"info","message":"Server started on port 3000","timestamp":"2025-01-02T11:58:34.260Z"}
{"level":"info","message":"Secret key oluşturuldu:","timestamp":"2025-01-02T11:58:42.861Z"}
{"level":"info","message":"Uygulama çalışıyor...","timestamp":"2025-01-02T11:58:42.866Z"}
{"level":"warn","message":"Bu bir uyarı mesajı.","timestamp":"2025-01-02T11:58:42.867Z"}
{"level":"error","message":"Bu bir hata mesajı.","timestamp":"2025-01-02T11:58:42.867Z"}
{"level":"info","message":"Server started on port 3000","timestamp":"2025-01-02T11:58:42.871Z"}
{"level":"info","message":"Secret key oluşturuldu:","timestamp":"2025-01-02T11:58:45.921Z"}
{"level":"info","message":"Uygulama çalışıyor...","timestamp":"2025-01-02T11:58:45.926Z"}
{"level":"warn","message":"Bu bir uyarı mesajı.","timestamp":"2025-01-02T11:58:45.927Z"}
{"level":"error","message":"Bu bir hata mesajı.","timestamp":"2025-01-02T11:58:45.927Z"}
{"level":"info","message":"Server started on port 3000","timestamp":"2025-01-02T11:58:45.930Z"}
{"level":"info","message":"Secret key oluşturuldu:","timestamp":"2025-01-02T11:59:13.581Z"}
{"level":"info","message":"Uygulama çalışıyor...","timestamp":"2025-01-02T11:59:13.586Z"}
{"level":"warn","message":"Bu bir uyarı mesajı.","timestamp":"2025-01-02T11:59:13.586Z"}
{"level":"error","message":"Bu bir hata mesajı.","timestamp":"2025-01-02T11:59:13.587Z"}
{"level":"info","message":"Server started on port 3000","timestamp":"2025-01-02T11:59:13.590Z"}
{"level":"info","message":"Secret key oluşturuldu:","timestamp":"2025-01-02T11:59:26.884Z"}
{"level":"info","message":"Uygulama çalışıyor...","timestamp":"2025-01-02T11:59:26.889Z"}
{"level":"warn","message":"Bu bir uyarı mesajı.","timestamp":"2025-01-02T11:59:26.890Z"}
{"level":"error","message":"Bu bir hata mesajı.","timestamp":"2025-01-02T11:59:26.890Z"}
{"level":"info","message":"Server started on port 3000","timestamp":"2025-01-02T11:59:26.894Z"}
{"level":"info","message":"Secret key oluşturuldu:","timestamp":"2025-01-02T11:59:27.983Z"}
{"level":"info","message":"Uygulama çalışıyor...","timestamp":"2025-01-02T11:59:27.988Z"}
{"level":"warn","message":"Bu bir uyarı mesajı.","timestamp":"2025-01-02T11:59:27.988Z"}
{"level":"error","message":"Bu bir hata mesajı.","timestamp":"2025-01-02T11:59:27.989Z"}
{"level":"info","message":"Server started on port 3000","timestamp":"2025-01-02T11:59:27.993Z"}
{"level":"info","message":"Secret key oluşturuldu:","timestamp":"2025-01-02T12:00:40.503Z"}
{"level":"info","message":"Uygulama çalışıyor...","timestamp":"2025-01-02T12:00:40.508Z"}
{"level":"warn","message":"Bu bir uyarı mesajı.","timestamp":"2025-01-02T12:00:40.509Z"}
{"level":"error","message":"Bu bir hata mesajı.","timestamp":"2025-01-02T12:00:40.509Z"}
{"level":"info","message":"Server started on port 3000","timestamp":"2025-01-02T12:00:40.513Z"}
{"level":"info","message":"Secret key oluşturuldu:","timestamp":"2025-01-02T12:01:06.544Z"}
{"level":"info","message":"Uygulama çalışıyor...","timestamp":"2025-01-02T12:01:06.549Z"}
{"level":"warn","message":"Bu bir uyarı mesajı.","timestamp":"2025-01-02T12:01:06.550Z"}
{"level":"error","message":"Bu bir hata mesajı.","timestamp":"2025-01-02T12:01:06.550Z"}
{"level":"info","message":"Server started on port 3000","timestamp":"2025-01-02T12:01:06.554Z"}
{"level":"info","message":"Secret key oluşturuldu:","timestamp":"2025-01-02T12:01:14.927Z"}
{"level":"info","message":"Uygulama çalışıyor...","timestamp":"2025-01-02T12:01:14.932Z"}
{"level":"warn","message":"Bu bir uyarı mesajı.","timestamp":"2025-01-02T12:01:14.933Z"}
{"level":"error","message":"Bu bir hata mesajı.","timestamp":"2025-01-02T12:01:14.933Z"}
{"level":"info","message":"Server started on port 3000","timestamp":"2025-01-02T12:01:14.937Z"}
{"level":"info","message":"Secret key oluşturuldu:","timestamp":"2025-01-02T12:03:09.574Z"}
{"level":"info","message":"Uygulama çalışıyor...","timestamp":"2025-01-02T12:03:09.580Z"}
{"level":"warn","message":"Bu bir uyarı mesajı.","timestamp":"2025-01-02T12:03:09.580Z"}
{"level":"error","message":"Bu bir hata mesajı.","timestamp":"2025-01-02T12:03:09.580Z"}
{"level":"info","message":"Server started on port 3000","timestamp":"2025-01-02T12:03:09.584Z"}
{"level":"info","message":"Secret key oluşturuldu:","timestamp":"2025-01-02T12:04:51.085Z"}
{"level":"info","message":"Uygulama çalışıyor...","timestamp":"2025-01-02T12:04:51.090Z"}
{"level":"warn","message":"Bu bir uyarı mesajı.","timestamp":"2025-01-02T12:04:51.091Z"}
{"level":"error","message":"Bu bir hata mesajı.","timestamp":"2025-01-02T12:04:51.091Z"}
{"level":"info","message":"Server started on port 3000","timestamp":"2025-01-02T12:04:51.095Z"}
{"level":"info","message":"Secret key oluşturuldu:","timestamp":"2025-01-02T12:06:38.477Z"}
{"level":"info","message":"Uygulama çalışıyor...","timestamp":"2025-01-02T12:06:38.482Z"}
{"level":"warn","message":"Bu bir uyarı mesajı.","timestamp":"2025-01-02T12:06:38.482Z"}
{"level":"error","message":"Bu bir hata mesajı.","timestamp":"2025-01-02T12:06:38.483Z"}
{"level":"info","message":"Server started on port 3000","timestamp":"2025-01-02T12:06:38.486Z"}
{"level":"info","message":"Secret key oluşturuldu:","timestamp":"2025-01-02T12:07:09.748Z"}
{"level":"info","message":"Uygulama çalışıyor...","timestamp":"2025-01-02T12:07:09.753Z"}
{"level":"warn","message":"Bu bir uyarı mesajı.","timestamp":"2025-01-02T12:07:09.754Z"}
{"level":"error","message":"Bu bir hata mesajı.","timestamp":"2025-01-02T12:07:09.754Z"}
{"level":"info","message":"Server started on port 3000","timestamp":"2025-01-02T12:07:09.758Z"}
{"level":"info","message":"Secret key oluşturuldu:","timestamp":"2025-01-02T12:08:50.188Z"}
{"level":"info","message":"Uygulama çalışıyor...","timestamp":"2025-01-02T12:08:50.193Z"}
{"level":"warn","message":"Bu bir uyarı mesajı.","timestamp":"2025-01-02T12:08:50.193Z"}
{"level":"error","message":"Bu bir hata mesajı.","timestamp":"2025-01-02T12:08:50.194Z"}
{"level":"info","message":"Server started on port 3000","timestamp":"2025-01-02T12:08:50.197Z"}
{"level":"info","message":"Secret key oluşturuldu:","timestamp":"2025-01-02T12:09:05.313Z"}
{"level":"info","message":"Uygulama çalışıyor...","timestamp":"2025-01-02T12:09:05.318Z"}
{"level":"warn","message":"Bu bir uyarı mesajı.","timestamp":"2025-01-02T12:09:05.319Z"}
{"level":"error","message":"Bu bir hata mesajı.","timestamp":"2025-01-02T12:09:05.319Z"}
{"level":"info","message":"Server started on port 3000","timestamp":"2025-01-02T12:09:05.323Z"}
{"level":"info","message":"Secret key oluşturuldu:","timestamp":"2025-01-02T12:09:18.000Z"}
{"level":"info","message":"Uygulama çalışıyor...","timestamp":"2025-01-02T12:09:18.006Z"}
{"level":"warn","message":"Bu bir uyarı mesajı.","timestamp":"2025-01-02T12:09:18.006Z"}
{"level":"error","message":"Bu bir hata mesajı.","timestamp":"2025-01-02T12:09:18.007Z"}
{"level":"info","message":"Server started on port 3000","timestamp":"2025-01-02T12:09:18.010Z"}
{"level":"info","message":"Secret key oluşturuldu:","timestamp":"2025-01-02T12:09:36.488Z"}
{"level":"info","message":"Uygulama çalışıyor...","timestamp":"2025-01-02T12:09:36.493Z"}
{"level":"warn","message":"Bu bir uyarı mesajı.","timestamp":"2025-01-02T12:09:36.494Z"}
{"level":"error","message":"Bu bir hata mesajı.","timestamp":"2025-01-02T12:09:36.494Z"}
{"level":"info","message":"Server started on port 3000","timestamp":"2025-01-02T12:09:36.497Z"}
{"level":"info","message":"Secret key oluşturuldu:","timestamp":"2025-01-02T12:09:38.020Z"}
{"level":"info","message":"Uygulama çalışıyor...","timestamp":"2025-01-02T12:09:38.025Z"}
{"level":"warn","message":"Bu bir uyarı mesajı.","timestamp":"2025-01-02T12:09:38.026Z"}
{"level":"error","message":"Bu bir hata mesajı.","timestamp":"2025-01-02T12:09:38.026Z"}
{"level":"info","message":"Server started on port 3000","timestamp":"2025-01-02T12:09:38.030Z"}
{"level":"info","message":"Secret key oluşturuldu:","timestamp":"2025-01-02T12:09:48.392Z"}
{"level":"info","message":"Uygulama çalışıyor...","timestamp":"2025-01-02T12:09:48.397Z"}
{"level":"warn","message":"Bu bir uyarı mesajı.","timestamp":"2025-01-02T12:09:48.397Z"}
{"level":"error","message":"Bu bir hata mesajı.","timestamp":"2025-01-02T12:09:48.398Z"}
{"level":"info","message":"Server started on port 3000","timestamp":"2025-01-02T12:09:48.402Z"}
{"level":"info","message":"Secret key oluşturuldu:","timestamp":"2025-01-02T12:09:56.150Z"}
{"level":"info","message":"Uygulama çalışıyor...","timestamp":"2025-01-02T12:09:56.155Z"}
{"level":"warn","message":"Bu bir uyarı mesajı.","timestamp":"2025-01-02T12:09:56.156Z"}
{"level":"error","message":"Bu bir hata mesajı.","timestamp":"2025-01-02T12:09:56.156Z"}
{"level":"info","message":"Server started on port 3000","timestamp":"2025-01-02T12:09:56.160Z"}
{"level":"info","message":"Secret key oluşturuldu:","timestamp":"2025-01-02T12:10:20.556Z"}
{"level":"info","message":"Uygulama çalışıyor...","timestamp":"2025-01-02T12:10:20.561Z"}
{"level":"warn","message":"Bu bir uyarı mesajı.","timestamp":"2025-01-02T12:10:20.562Z"}
{"level":"error","message":"Bu bir hata mesajı.","timestamp":"2025-01-02T12:10:20.562Z"}
{"level":"info","message":"Server started on port 3000","timestamp":"2025-01-02T12:10:20.566Z"}
{"level":"info","message":"Secret key oluşturuldu:","timestamp":"2025-01-02T12:10:34.098Z"}
{"level":"info","message":"Uygulama çalışıyor...","timestamp":"2025-01-02T12:10:34.104Z"}
{"level":"warn","message":"Bu bir uyarı mesajı.","timestamp":"2025-01-02T12:10:34.104Z"}
{"level":"error","message":"Bu bir hata mesajı.","timestamp":"2025-01-02T12:10:34.105Z"}
{"level":"info","message":"Server started on port 3000","timestamp":"2025-01-02T12:10:34.109Z"}
{"level":"info","message":"Secret key oluşturuldu:","timestamp":"2025-01-02T12:11:19.592Z"}
{"level":"info","message":"Uygulama çalışıyor...","timestamp":"2025-01-02T12:11:19.597Z"}
{"level":"warn","message":"Bu bir uyarı mesajı.","timestamp":"2025-01-02T12:11:19.597Z"}
{"level":"error","message":"Bu bir hata mesajı.","timestamp":"2025-01-02T12:11:19.598Z"}
{"level":"info","message":"Server started on port 3000","timestamp":"2025-01-02T12:11:19.602Z"}
{"level":"info","message":"Secret key oluşturuldu:","timestamp":"2025-01-02T12:11:30.824Z"}
{"level":"info","message":"Uygulama çalışıyor...","timestamp":"2025-01-02T12:11:30.830Z"}
{"level":"warn","message":"Bu bir uyarı mesajı.","timestamp":"2025-01-02T12:11:30.830Z"}
{"level":"error","message":"Bu bir hata mesajı.","timestamp":"2025-01-02T12:11:30.831Z"}
{"level":"info","message":"Server started on port 3000","timestamp":"2025-01-02T12:11:30.835Z"}
{"level":"info","message":"Secret key oluşturuldu:","timestamp":"2025-01-02T12:11:33.054Z"}
{"level":"info","message":"Uygulama çalışıyor...","timestamp":"2025-01-02T12:11:33.059Z"}
{"level":"warn","message":"Bu bir uyarı mesajı.","timestamp":"2025-01-02T12:11:33.060Z"}
{"level":"error","message":"Bu bir hata mesajı.","timestamp":"2025-01-02T12:11:33.060Z"}
{"level":"info","message":"Server started on port 3000","timestamp":"2025-01-02T12:11:33.064Z"}
{"level":"info","message":"Secret key oluşturuldu:","timestamp":"2025-01-02T12:13:28.125Z"}
{"level":"info","message":"Uygulama çalışıyor...","timestamp":"2025-01-02T12:13:28.130Z"}
{"level":"warn","message":"Bu bir uyarı mesajı.","timestamp":"2025-01-02T12:13:28.130Z"}
{"level":"error","message":"Bu bir hata mesajı.","timestamp":"2025-01-02T12:13:28.131Z"}
{"level":"info","message":"Server started on port 3000","timestamp":"2025-01-02T12:13:28.135Z"}
{"level":"info","message":"Secret key oluşturuldu:","timestamp":"2025-01-02T12:13:31.372Z"}
{"level":"info","message":"Uygulama çalışıyor...","timestamp":"2025-01-02T12:13:31.377Z"}
{"level":"warn","message":"Bu bir uyarı mesajı.","timestamp":"2025-01-02T12:13:31.378Z"}
{"level":"error","message":"Bu bir hata mesajı.","timestamp":"2025-01-02T12:13:31.378Z"}
{"level":"info","message":"Server started on port 3000","timestamp":"2025-01-02T12:13:31.382Z"}
{"level":"info","message":"Secret key oluşturuldu:","timestamp":"2025-01-02T12:13:59.427Z"}
{"level":"info","message":"Uygulama çalışıyor...","timestamp":"2025-01-02T12:13:59.433Z"}
{"level":"warn","message":"Bu bir uyarı mesajı.","timestamp":"2025-01-02T12:13:59.433Z"}
{"level":"error","message":"Bu bir hata mesajı.","timestamp":"2025-01-02T12:13:59.434Z"}
{"level":"info","message":"Server started on port 3000","timestamp":"2025-01-02T12:13:59.438Z"}
